{
  "RSpec": {
    "coverage": {
      "/Users/andrewwood/Documents/Projects/bookmark_manager/spec/feature_specs/main_feature_spec.rb": [
        1,
        1,
        1,
        1,
        null,
        null,
        null,
        1,
        1,
        1,
        1,
        null,
        null
      ],
      "/Users/andrewwood/Documents/Projects/bookmark_manager/spec/unit_tests/bookmark_spec.rb": [
        1,
        null,
        1,
        3,
        3,
        3,
        null,
        1,
        1,
        null,
        1,
        1,
        null,
        null,
        null,
        1,
        1,
        1,
        null,
        1,
        1,
        null,
        null,
        null,
        null,
        null,
        null
      ],
      "/Users/andrewwood/Documents/Projects/bookmark_manager/lib/bookmark.rb": [
        1,
        null,
        1,
        null,
        1,
        null,
        1,
        2,
        null,
        null,
        1,
        5,
        5,
        null,
        null,
        null
      ]
    },
    "timestamp": 1535466241
  }
}
